set -o pipefail; /usr/bin/mariadb-dump --user=_a7b82aa3b1f4db5d --host=127.0.0.1 --port=3306 --password=********** --single-transaction --quick --lock-tables=false _a7b82aa3b1f4db5d | /usr/bin/gzip >> ./buy.bespo.et/private/backups/20250601_210005-buy_bespo_et-database.sql.gz

Backup Summary for buy.bespo.et at 2025-06-01 21:00:16.318304
Config  : ./buy.bespo.et/private/backups/20250601_210005-buy_bespo_et-site_config_backup.json 395.0B
Database: ./buy.bespo.et/private/backups/20250601_210005-buy_bespo_et-database.sql.gz         1.1MiB
Backup for Site buy.bespo.et has been successfully completed
set -o pipefail; /usr/bin/mariadb-dump --user=_a7b82aa3b1f4db5d --host=127.0.0.1 --port=3306 --password=********** --single-transaction --quick --lock-tables=false _a7b82aa3b1f4db5d | /usr/bin/gzip >> ./buy.bespo.et/private/backups/20250602_030013-buy_bespo_et-database.sql.gz

Backup Summary for buy.bespo.et at 2025-06-02 03:00:31.936379
Config  : ./buy.bespo.et/private/backups/20250602_030013-buy_bespo_et-site_config_backup.json 395.0B
Database: ./buy.bespo.et/private/backups/20250602_030013-buy_bespo_et-database.sql.gz         1.1MiB
Backup for Site buy.bespo.et has been successfully completed
set -o pipefail; /usr/bin/mariadb-dump --user=_a7b82aa3b1f4db5d --host=127.0.0.1 --port=3306 --password=********** --single-transaction --quick --lock-tables=false _a7b82aa3b1f4db5d | /usr/bin/gzip >> ./buy.bespo.et/private/backups/20250602_090008-buy_bespo_et-database.sql.gz

Backup Summary for buy.bespo.et at 2025-06-02 09:00:14.283047
Config  : ./buy.bespo.et/private/backups/20250602_090008-buy_bespo_et-site_config_backup.json 395.0B
Database: ./buy.bespo.et/private/backups/20250602_090008-buy_bespo_et-database.sql.gz         1.1MiB
Backup for Site buy.bespo.et has been successfully completed
set -o pipefail; /usr/bin/mariadb-dump --user=_a7b82aa3b1f4db5d --host=127.0.0.1 --port=3306 --password=********** --single-transaction --quick --lock-tables=false _a7b82aa3b1f4db5d | /usr/bin/gzip >> ./buy.bespo.et/private/backups/20250602_150007-buy_bespo_et-database.sql.gz

Backup Summary for buy.bespo.et at 2025-06-02 15:00:17.781497
Config  : ./buy.bespo.et/private/backups/20250602_150007-buy_bespo_et-site_config_backup.json 395.0B
Database: ./buy.bespo.et/private/backups/20250602_150007-buy_bespo_et-database.sql.gz         1.2MiB
Backup for Site buy.bespo.et has been successfully completed
